 Number of states: 	169

Atom data:
 -------------
 Total # of atom types is 1
 There are 60 C atoms
 and their coordinates are:

	x [a.u.]		y [a.u.]		z [a.u.]
	-0.001088		-1.363411		-6.810830
	-0.000066		1.362332		-6.809664
	-2.250947		-2.738250		-5.901124
	2.246289		-2.733137		-5.890134
	-2.247419		2.733394		-5.890302
	2.247024		2.732736		-5.889174
	4.385786		1.384318		-5.001117
	-4.385401		1.383836		-5.001757
	-4.386451		-1.385077		-5.002882
	4.385287		-1.384084		-5.000985
	-1.377150		-4.935875		-4.448124
	1.374036		-4.934218		-4.446098
	-1.375385		4.934433		-4.445433
	1.374875		4.934444		-4.445060
	5.738254		2.220454		-2.752128
	-5.738016		2.220198		-2.751871
	-5.737819		-2.220748		-2.752867
	5.737619		-2.220695		-2.752007
	-2.698263		5.742893		-2.266480
	2.697988		5.742759		-2.266504
	-2.697583		-5.742462		-2.268233
	2.697356		-5.742613		-2.266434
	-4.920894		-4.376907		-1.410166
	4.920353		-4.376678		-1.410304
	-4.920601		4.377305		-1.409785
	4.920779		4.377171		-1.409981
	6.583454		0.000042		-1.364509
	-6.583057		0.000189		-1.364407
	-1.328322		-6.594297		-0.036234
	1.328384		-6.594673		-0.036039
	1.327882		6.595038		-0.035799
	-1.328031		6.595025		-0.035828
	6.596803		-0.000187		1.291217
	-4.931944		4.377785		1.339418
	4.931863		4.377838		1.339516
	-4.931759		-4.377853		1.339031
	4.931640		-4.378067		1.339216
	2.703176		5.756455		2.196126
	-2.703379		5.756425		2.196185
	-2.702986		-5.756019		2.195947
	2.703037		-5.756574		2.196030
	-5.755089		-2.226283		2.679014
	5.755094		-2.226196		2.679223
	5.755021		2.226396		2.679242
	-5.755140		2.226334		2.679104
	-1.376453		-4.935873		4.358124
	1.376340		-4.935926		4.358124
	-1.376260		4.935769		4.358653
	1.376202		4.935756		4.358689
	4.382755		1.377995		4.917109
	-4.382783		1.378059		4.917071
	-4.382874		-1.378141		4.916944
	4.382653		-1.378159		4.917077
	-2.229745		-2.706602		5.743273
	2.229785		-2.706493		5.743277
	-2.229817		2.706521		5.743313
	2.229686		2.706536		5.743347
	-0.000072		-1.335302		6.596837
	-0.000002		1.335231		6.596867
	-6.596606		-0.000100		1.291200

 --------------------------------------------------
 Total number of atoms :         60

 Number of states:                      169 
 h grid spacing :                   0.50000  
 Hamiltonian size :                  140608  
 Sphere Radius :                   12.75000   
 # grid points in each direction         52  
 Polynomial degree used :                10  
 Finite difference order :                8  
 --------------------------------------------------
 Initial Hartree energy (eV) = 105879.79276  
 max and min values of charge density [e/bohr^3]   2.54378e-01   0.00000e+00  

----------------------------------

 
 
 SCF iter # 1  ... 
 Diagonalization time [sec]: 44.981328,   [cpu sec]: 166.110000

   State  Eigenvalue [Ry]     Eigenvalue [eV]

    1     -2.1261555433       -28.9278303635   1.00
    2     -2.0923345530       -28.4676721808   1.00
    3     -2.0922555487       -28.4665972732   1.00
    4     -2.0832671181       -28.3443033995   1.00
    5     -2.0253736594       -27.5566224806   1.00
    6     -2.0244432358       -27.5439634183   1.00
    7     -2.0203022767       -27.4876227788   1.00
    8     -2.0172552185       -27.4461654253   1.00
    9     -2.0156998888       -27.4250040781   1.00
   10     -1.9566278238       -26.6212873978   1.00
   11     -1.9512664455       -26.5483421034   1.00
   12     -1.9493035755       -26.5216358874   1.00
   13     -1.8876984669       -25.6834553805   1.00
   14     -1.8843243983       -25.6375488213   1.00
   15     -1.8831653481       -25.6217791340   1.00
   16     -1.8802490323       -25.5821006224   1.00
   17     -1.8002092919       -24.4931040819   1.00
   18     -1.7990313864       -24.4770778541   1.00
   19     -1.7985107220       -24.4699938525   1.00
   20     -1.7974984109       -24.4562206534   1.00
   21     -1.7963611503       -24.4407474278   1.00
   22     -1.7620379417       -23.9737562154   1.00
   23     -1.7620040052       -23.9732944862   1.00
   24     -1.7607855623       -23.9567167192   1.00
   25     -1.7603206276       -23.9503909585   1.00
   26     -1.6611726701       -22.6014137855   1.00
   27     -1.6604986538       -22.5922433232   1.00
   28     -1.6598004970       -22.5827444122   1.00
   29     -1.6587330662       -22.5682212705   1.00
   30     -1.6568677339       -22.5428421223   1.00
   31     -1.6485439462       -22.4295911803   1.00
   32     -1.6478519849       -22.4201765634   1.00
   33     -1.6471679296       -22.4108695145   1.00
   34     -1.5709804652       -21.3742858770   1.00
   35     -1.5685612430       -21.3413706703   1.00
   36     -1.5679795764       -21.3334566908   1.00
   37     -1.5106142690       -20.5529616385   1.00
   38     -1.5038751092       -20.4612706653   1.00
   39     -1.5038048814       -20.4603151666   1.00
   40     -1.5033891251       -20.4546585124   1.00
   41     -1.5029433290       -20.4485931440   1.00
   42     -1.4882403448       -20.2485487811   1.00
   43     -1.4872739388       -20.2354001528   1.00
   44     -1.4865320305       -20.2253059721   1.00
   45     -1.4785025168       -20.1160588338   1.00
   46     -1.3747371659       -18.7042587987   1.00
   47     -1.3718254358       -18.6646426790   1.00
   48     -1.3710039499       -18.6534657899   1.00
   49     -1.3676154346       -18.6073626731   1.00
   50     -1.3351230549       -18.1652811663   1.00
   51     -1.3340410777       -18.1505601107   1.00
   52     -1.3339701132       -18.1495945887   1.00
   53     -1.3313827399       -18.1143915696   1.00
   54     -1.3301314241       -18.0973665446   1.00
   55     -1.3245470080       -18.0213866655   1.00
   56     -1.3240676008       -18.0148639950   1.00
   57     -1.3214488034       -17.9792334288   1.00
   58     -1.2697636445       -17.2760207625   1.00
   59     -1.2669250643       -17.2373998972   1.00
   60     -1.2654653738       -17.2175397886   1.00
   61     -1.2145400762       -16.5246655653   1.00
   62     -1.2130660924       -16.5046109878   1.00
   63     -1.2125704102       -16.4978668851   1.00
   64     -1.2110445624       -16.4771066611   1.00
   65     -1.2099087806       -16.4616535565   1.00
   66     -1.2025366849       -16.3613510474   1.00
   67     -1.1990825947       -16.3143557393   1.00
   68     -1.1961147344       -16.2739759279   1.00
   69     -1.1957174325       -16.2685703594   1.00
   70     -1.1756755063       -15.9958859628   1.00
   71     -1.1701898902       -15.9212503262   1.00
   72     -1.1693983613       -15.9104810227   1.00
   73     -1.1682298704       -15.8945828884   1.00
   74     -1.1521315002       -15.6755533235   1.00
   75     -1.1385879151       -15.4912833939   1.00
   76     -1.1379903801       -15.4831535135   1.00
   77     -1.1354932701       -15.4491785895   1.00
   78     -1.1309813405       -15.3877906365   1.00
   79     -1.1294914801       -15.3675200457   1.00
   80     -1.1248034787       -15.3037365147   1.00
   81     -1.1242743887       -15.2965378763   1.00
   82     -1.1143989505       -15.1621756460   1.00
   83     -1.1132616642       -15.1467020714   1.00
   84     -1.1074253344       -15.0672947301   1.00
   85     -1.0521146906       -14.3147548114   1.00
   86     -1.0460618658       -14.2324019039   1.00
   87     -1.0438786686       -14.2026979821   1.00
   88     -1.0426101042       -14.1854382786   1.00
   89     -1.0422296431       -14.1802618388   1.00
   90     -1.0358980783       -14.0941164806   1.00
   91     -1.0335621470       -14.0623345045   1.00
   92     -1.0330871297       -14.0558715622   1.00
   93     -1.0329910655       -14.0545645425   1.00
   94     -1.0305610131       -14.0215019825   1.00
   95     -1.0251586004       -13.9479983862   1.00
   96     -1.0234972624       -13.9253947230   1.00
   97     -1.0204850913       -13.8844120328   1.00
   98     -1.0192213200       -13.8672175425   1.00
   99     -1.0163581834       -13.8282625708   1.00
  100     -0.9518861801       -12.9510759597   1.00
  101     -0.9486088268       -12.9064852808   1.00
  102     -0.9465474743       -12.8784391409   1.00
  103     -0.9097631621       -12.3779628952   1.00
  104     -0.9081302537       -12.3557460363   1.00
  105     -0.9055085060       -12.3200753286   1.00
  106     -0.9042640084       -12.3031430707   1.00
  107     -0.8068555691       -10.9778332554   1.00
  108     -0.8040297610       -10.9393861649   1.00
  109     -0.8008268946       -10.8958089306   1.00
  110     -0.7982579719       -10.8608569439   1.00
  111     -0.7978809876       -10.8557278101   1.00
  112     -0.7957720523       -10.8270342727   1.00
  113     -0.7937119737       -10.7990054660   1.00
  114     -0.7913968254       -10.7675062564   1.00
  115     -0.7878717259       -10.7195448169   1.00
  116     -0.7209924636        -9.8096057676   1.00
  117     -0.7156333985        -9.7366919462   1.00
  118     -0.7140177930        -9.7147105048   1.00
  119     -0.7129897782        -9.7007236457   1.00
  120     -0.7095450775        -9.6538560884   1.00
  121     -0.5897732667        -8.0242769941   0.00
  122     -0.5887321346        -8.0101116657   0.00
  123     -0.5829393257        -7.9312964565   0.00
  124     -0.5203470832        -7.0796853032   0.00
  125     -0.5125780786        -6.9739825722   0.00
  126     -0.5031159658        -6.8452439233   0.00
  127     -0.4355606028        -5.9261060507   0.00
  128     -0.4302547620        -5.8539163831   0.00
  129     -0.4240764096        -5.7698555853   0.00
  130     -0.4212201103        -5.7309936396   0.00
  131     -0.4191715804        -5.7031219610   0.00
  132     -0.4141627770        -5.6349736940   0.00
  133     -0.4128316162        -5.6168623218   0.00
  134     -0.3994421728        -5.4346895974   0.00
  135     -0.3300082205        -4.4899922068   0.00
  136     -0.3223961884        -4.3864251963   0.00
  137     -0.3088963341        -4.2027502551   0.00
  138     -0.3065681811        -4.1710741093   0.00
  139     -0.2938938057        -3.9986303840   0.00
  140     -0.2871868402        -3.9073774364   0.00
  141     -0.2670573042        -3.6335010470   0.00
  142     -0.2638093232        -3.5893099990   0.00
  143     -0.2513473280        -3.4197558550   0.00
  144     -0.2216303569        -3.0154357181   0.00
  145     -0.2186368330        -2.9747067359   0.00
  146     -0.1940824345        -2.6406270035   0.00
  147     -0.1874582343        -2.5505001364   0.00
  148     -0.1634693616        -2.2241147768   0.00
  149     -0.1610762916        -2.1915553893   0.00
  150     -0.1500969264        -2.0421734615   0.00
  151     -0.1307481751        -1.7789201929   0.00
  152     -0.1263697054        -1.7193480569   0.00
  153     -0.0926114130        -1.2600429230   0.00
  154     -0.0790603384        -1.0756710927   0.00
  155     -0.0644263561        -0.8765655483   0.00
  156     -0.0540749726        -0.7357277503   0.00
  157     -0.0448780617        -0.6105973569   0.00
  158     -0.0378274016        -0.5146682054   0.00
  159     -0.0261099236        -0.3552437370   0.00
  160     -0.0250036223        -0.3401917353   0.00
  161     -0.0137723217        -0.1873820506   0.00
  162     -0.0044338240        -0.0603252704   0.00
  163      0.0071406237         0.0971531699   0.00
  164      0.0204176005         0.2777957076   0.00
  165      0.0246958431         0.3360041848   0.00
  166      0.0374203423         0.5091298795   0.00
  167      0.0470613835         0.6403029740   0.00
  168      0.0512729022         0.6976036260   0.00
  169      0.0657073603         0.8939945055   0.00

Hartree potential time [sec]: 	0.829678

 max and min values of charge density [e/bohr^3]   3.55024e-01   1.17135e-10  
   ... SCF error =   3.50e-01  
 
 
 SCF iter # 2  ... 
 Diagonalization time [sec]: 12.423244,   [cpu sec]: 49.570000

   State  Eigenvalue [Ry]     Eigenvalue [eV]

    1     -1.7865117252       -24.3067391245   1.00
    2     -1.7543922347       -23.8697310350   1.00
    3     -1.7506182710       -23.8183836236   1.00
    4     -1.7479047690       -23.7814645355   1.00
    5     -1.6869501183       -22.9521339622   1.00
    6     -1.6856982419       -22.9351013102   1.00
    7     -1.6839952486       -22.9119308968   1.00
    8     -1.6815451098       -22.8785950487   1.00
    9     -1.6769602465       -22.8162147822   1.00
   10     -1.6168293743       -21.9980922904   1.00
   11     -1.6147558804       -21.9698809591   1.00
   12     -1.6091861927       -21.8941014697   1.00
   13     -1.5567702807       -21.1809463979   1.00
   14     -1.5520534448       -21.1167705525   1.00
   15     -1.5488852164       -21.0736645928   1.00
   16     -1.5480126324       -21.0617924794   1.00
   17     -1.4713304041       -20.0184772342   1.00
   18     -1.4653762208       -19.9374664131   1.00
   19     -1.4634600101       -19.9113950296   1.00
   20     -1.4612091300       -19.8807702334   1.00
   21     -1.4609276980       -19.8769411556   1.00
   22     -1.4334649806       -19.5032917138   1.00
   23     -1.4299310076       -19.4552095450   1.00
   24     -1.4274219282       -19.4210717684   1.00
   25     -1.4265954943       -19.4098275584   1.00
   26     -1.3313867286       -18.1144458379   1.00
   27     -1.3310157104       -18.1093978766   1.00
   28     -1.3268257823       -18.0523909796   1.00
   29     -1.3250721314       -18.0285313358   1.00
   30     -1.3183937153       -17.9376668230   1.00
   31     -1.3149006341       -17.8901410146   1.00
   32     -1.3140853770       -17.8790488724   1.00
   33     -1.3120212063       -17.8509643892   1.00
   34     -1.2417887303       -16.8954025257   1.00
   35     -1.2414700923       -16.8910672343   1.00
   36     -1.2390744747       -16.8584731835   1.00
   37     -1.1796099125       -16.0494163046   1.00
   38     -1.1727132935       -15.9555829888   1.00
   39     -1.1708452544       -15.9301670136   1.00
   40     -1.1689830189       -15.9048299993   1.00
   41     -1.1632830392       -15.8272777963   1.00
   42     -1.1588181665       -15.7665300868   1.00
   43     -1.1577091287       -15.7514408527   1.00
   44     -1.1515381096       -15.6674798310   1.00
   45     -1.1412291672       -15.5272194736   1.00
   46     -1.0554261966       -14.3598101614   1.00
   47     -1.0466260472       -14.2400779861   1.00
   48     -1.0439349223       -14.2034633534   1.00
   49     -1.0423746776       -14.1822351346   1.00
   50     -1.0043227159       -13.6645116334   1.00
   51     -1.0030894669       -13.6477324193   1.00
   52     -1.0022398108       -13.6361722561   1.00
   53     -0.9976832640       -13.5741772554   1.00
   54     -0.9943817420       -13.5292577441   1.00
   55     -0.9862110532       -13.4180898191   1.00
   56     -0.9840246110       -13.3883417470   1.00
   57     -0.9825938563       -13.3688753304   1.00
   58     -0.9380359974       -12.7626345558   1.00
   59     -0.9369584060       -12.7479731724   1.00
   60     -0.9353979222       -12.7267417006   1.00
   61     -0.9003421355       -12.2497832523   1.00
   62     -0.8904424207       -12.1150907219   1.00
   63     -0.8876571417       -12.0771950554   1.00
   64     -0.8843584227       -12.0323136820   1.00
   65     -0.8807791766       -11.9836155390   1.00
   66     -0.8691071474       -11.8248094346   1.00
   67     -0.8645027649       -11.7621635964   1.00
   68     -0.8624083866       -11.7336681174   1.00
   69     -0.8584962466       -11.6804407226   1.00
   70     -0.8580056428       -11.6737657143   1.00
   71     -0.8560192996       -11.6467401292   1.00
   72     -0.8535546768       -11.6132072153   1.00
   73     -0.8520454844       -11.5926735987   1.00
   74     -0.8388167048       -11.4126868180   1.00
   75     -0.8298563925       -11.2907755143   1.00
   76     -0.8281162650       -11.2670998651   1.00
   77     -0.8257908812       -11.2354613959   1.00
   78     -0.8086683774       -11.0024977786   1.00
   79     -0.8050376070       -10.9530986130   1.00
   80     -0.8044931757       -10.9456912454   1.00
   81     -0.7898021548       -10.7458096504   1.00
   82     -0.7855174025       -10.6875126042   1.00
   83     -0.7842831027       -10.6707190932   1.00
   84     -0.7832045720       -10.6560449310   1.00
   85     -0.7820904913       -10.6408870846   1.00
   86     -0.7793730772       -10.6039147694   1.00
   87     -0.7772582849       -10.5751415436   1.00
   88     -0.7760969410       -10.5593406498   1.00
   89     -0.7740683131       -10.5317397511   1.00
   90     -0.7103430254        -9.6647127272   1.00
   91     -0.7084711868        -9.6392450562   1.00
   92     -0.7042004149        -9.5811382226   1.00
   93     -0.6974116204        -9.4887719354   1.00
   94     -0.6970634849        -9.4840353090   1.00
   95     -0.6931969652        -9.4314286087   1.00
   96     -0.6910229200        -9.4018492063   1.00
   97     -0.6875828533        -9.3550446977   1.00
   98     -0.6866409510        -9.3422294595   1.00
   99     -0.6851324891        -9.3217057813   1.00
  100     -0.6811572257        -9.2676195482   1.00
  101     -0.6807426612        -9.2619791094   1.00
  102     -0.6698815420        -9.1142060010   1.00
  103     -0.6524985748        -8.8776985969   1.00
  104     -0.6519830734        -8.8706848406   1.00
  105     -0.6463256399        -8.7937115089   1.00
  106     -0.6443707959        -8.7671144913   1.00
  107     -0.5475046429        -7.4491828609   1.00
  108     -0.5440307548        -7.4019181882   1.00
  109     -0.5405352912        -7.3543599667   1.00
  110     -0.5397754280        -7.3440214970   1.00
  111     -0.5372753751        -7.3100065323   1.00
  112     -0.5308942213        -7.2231864805   1.00
  113     -0.5308184499        -7.2221555577   1.00
  114     -0.5280295313        -7.1842103727   1.00
  115     -0.5261754105        -7.1589837649   1.00
  116     -0.4561525808        -6.2062742870   1.00
  117     -0.4534722310        -6.1698062567   1.00
  118     -0.4495413021        -6.1163232252   1.00
  119     -0.4462716523        -6.0718373565   1.00
  120     -0.4437010895        -6.0368630551   1.00
  121     -0.3394815774        -4.6188838412   0.00
  122     -0.3327630687        -4.5274738402   0.00
  123     -0.3309571899        -4.5029035991   0.00
  124     -0.2642408018        -3.5951805655   0.00
  125     -0.2593717377        -3.5289335494   0.00
  126     -0.2509536966        -3.4144002242   0.00
  127     -0.2006471726        -2.7299448487   0.00
  128     -0.1992007354        -2.7102650601   0.00
  129     -0.1960410336        -2.6672751116   0.00
  130     -0.1877272935        -2.5541608746   0.00
  131     -0.1856529342        -2.5259377673   0.00
  132     -0.1824329080        -2.4821270632   0.00
  133     -0.1787043317        -2.4313971803   0.00
  134     -0.1744394178        -2.3733700488   0.00
  135     -0.0892899546        -1.2148521619   0.00
  136     -0.0846343122        -1.1515088972   0.00
  137     -0.0808187644        -1.0995957060   0.00
  138     -0.0764070334        -1.0395710259   0.00
  139     -0.0709815830        -0.9657539862   0.00
  140     -0.0551523169        -0.7503857708   0.00
  141     -0.0527243892        -0.7173521198   0.00
  142     -0.0474616582        -0.6457489913   0.00
  143     -0.0438551933        -0.5966805186   0.00
  144     -0.0130210741        -0.1771608032   0.00
  145     -0.0097362848        -0.1324689515   0.00
  146      0.0035500996         0.0483015832   0.00
  147      0.0066603960         0.0906193374   0.00
  148      0.0180143212         0.2450974150   0.00
  149      0.0315553424         0.4293324611   0.00
  150      0.0361261478         0.4915214596   0.00
  151      0.0469156037         0.6383195382   0.00
  152      0.0590018272         0.8027610464   0.00
  153      0.0713913795         0.9713295534   0.00
  154      0.0813725348         1.1071301390   0.00
  155      0.1064220000         1.4479455998   0.00
  156      0.1177791124         1.6024670422   0.00
  157      0.1259423573         1.7135336870   0.00
  158      0.1286347524         1.7501656014   0.00
  159      0.1382249743         1.8806472648   0.00
  160      0.1469179870         1.9989217715   0.00
  161      0.1501462029         2.0428439028   0.00
  162      0.1615034544         2.1973672375   0.00
  163      0.1670155842         2.2723636110   0.00
  164      0.1727855434         2.3508679334   0.00
  165      0.1818294755         2.4739169427   0.00
  166      0.1833682371         2.4948528691   0.00
  167      0.1892315207         2.5746269348   0.00
  168      0.1920294304         2.6126944498   0.00
  169      0.2026228406         2.7568251907   0.00

Hartree potential time [sec]: 	0.894423

 max and min values of charge density [e/bohr^3]   3.36739e-01   1.60747e-11  
   ... SCF error =   8.51e-02  
 
 
 SCF iter # 3  ... 
 Diagonalization time [sec]: 12.296305,   [cpu sec]: 49.400000

   State  Eigenvalue [Ry]     Eigenvalue [eV]

    1     -1.8150658017       -24.6952372678   1.00
    2     -1.7839376571       -24.2717171313   1.00
    3     -1.7806062442       -24.2263909329   1.00
    4     -1.7658689151       -24.0258792831   1.00
    5     -1.7161764467       -23.3497785618   1.00
    6     -1.7134488169       -23.3126672546   1.00
    7     -1.7028904004       -23.1690126271   1.00
    8     -1.7001910002       -23.1322854030   1.00
    9     -1.6964829484       -23.0818347703   1.00
   10     -1.6434243941       -22.3599361002   1.00
   11     -1.6305371055       -22.1845955422   1.00
   12     -1.6276816278       -22.1457447753   1.00
   13     -1.5789685074       -21.4829687668   1.00
   14     -1.5698335417       -21.3586811828   1.00
   15     -1.5666893699       -21.3159025300   1.00
   16     -1.5655344976       -21.3001896858   1.00
   17     -1.4861381986       -20.2199476148   1.00
   18     -1.4841496932       -20.1928926110   1.00
   19     -1.4794320689       -20.1287060384   1.00
   20     -1.4783915507       -20.1145490620   1.00
   21     -1.4778579770       -20.1072894199   1.00
   22     -1.4448309693       -19.6579339246   1.00
   23     -1.4445240977       -19.6537587217   1.00
   24     -1.4435343176       -19.6402920728   1.00
   25     -1.4429704050       -19.6326196490   1.00
   26     -1.3440609332       -18.2868872391   1.00
   27     -1.3420306275       -18.2592635129   1.00
   28     -1.3378235664       -18.2020235097   1.00
   29     -1.3341449947       -18.1519739744   1.00
   30     -1.3329736057       -18.1360364089   1.00
   31     -1.3283313828       -18.0728757266   1.00
   32     -1.3278677268       -18.0665673626   1.00
   33     -1.3266540101       -18.0500538999   1.00
   34     -1.2545487940       -17.0690121004   1.00
   35     -1.2524242185       -17.0401057675   1.00
   36     -1.2513370782       -17.0253144645   1.00
   37     -1.1884977371       -16.1703413629   1.00
   38     -1.1797658577       -16.0515380491   1.00
   39     -1.1775707603       -16.0216722161   1.00
   40     -1.1756017401       -15.9948823212   1.00
   41     -1.1748548756       -15.9847207093   1.00
   42     -1.1700401598       -15.9192131400   1.00
   43     -1.1663196447       -15.8685929339   1.00
   44     -1.1632410811       -15.8267069269   1.00
   45     -1.1513090293       -15.6643630333   1.00
   46     -1.0624700546       -14.4556467665   1.00
   47     -1.0591435448       -14.4103872794   1.00
   48     -1.0590790292       -14.4095094992   1.00
   49     -1.0517017324       -14.3091362262   1.00
   50     -1.0103042402       -13.7458944464   1.00
   51     -1.0097805121       -13.7387687604   1.00
   52     -1.0066266509       -13.6958582768   1.00
   53     -1.0054525068       -13.6798832276   1.00
   54     -1.0032598605       -13.6500507438   1.00
   55     -0.9945377496       -13.5313803359   1.00
   56     -0.9938471710       -13.5219845322   1.00
   57     -0.9891175146       -13.4576342559   1.00
   58     -0.9466548586       -12.8799001792   1.00
   59     -0.9445523930       -12.8512946666   1.00
   60     -0.9424864951       -12.8231866840   1.00
   61     -0.9261263392       -12.6005953426   1.00
   62     -0.8967294375       -12.2006299734   1.00
   63     -0.8952813085       -12.1809271676   1.00
   64     -0.8930263288       -12.1502465950   1.00
   65     -0.8919004009       -12.1349275590   1.00
   66     -0.8884271771       -12.0876719253   1.00
   67     -0.8860320657       -12.0550847627   1.00
   68     -0.8775399663       -11.9395438220   1.00
   69     -0.8737065999       -11.8873881969   1.00
   70     -0.8673125503       -11.8003926884   1.00
   71     -0.8643999098       -11.7607641817   1.00
   72     -0.8607338929       -11.7108854614   1.00
   73     -0.8586856927       -11.6830182684   1.00
   74     -0.8406650645       -11.4378350422   1.00
   75     -0.8335673278       -11.3412653793   1.00
   76     -0.8333985915       -11.3389696041   1.00
   77     -0.8323759027       -11.3250552099   1.00
   78     -0.8143738710       -11.0801250013   1.00
   79     -0.8139023426       -11.0737095289   1.00
   80     -0.8123126086       -11.0520800877   1.00
   81     -0.8113820318       -11.0394189407   1.00
   82     -0.8096554286       -11.0159272984   1.00
   83     -0.8001460949       -10.8865461760   1.00
   84     -0.7993032826       -10.8750791263   1.00
   85     -0.7972383222       -10.8469838990   1.00
   86     -0.7933001352       -10.7934021146   1.00
   87     -0.7848811235       -10.6788555837   1.00
   88     -0.7813158047       -10.6303469323   1.00
   89     -0.7802503091       -10.6158501217   1.00
   90     -0.7194443964        -9.7885432334   1.00
   91     -0.7185330941        -9.7761443282   1.00
   92     -0.7101069584        -9.6615008709   1.00
   93     -0.7091695706        -9.6487470546   1.00
   94     -0.7083016749        -9.6369387279   1.00
   95     -0.7078319823        -9.6305482329   1.00
   96     -0.7060650061        -9.6065072882   1.00
   97     -0.7022363155        -9.5544152792   1.00
   98     -0.6945041423        -9.4492136662   1.00
   99     -0.6901894033        -9.3905086299   1.00
  100     -0.6872047216        -9.3498999520   1.00
  101     -0.6836239302        -9.3011807847   1.00
  102     -0.6786248559        -9.2331648899   1.00
  103     -0.6769923812        -9.2109539317   1.00
  104     -0.6704912300        -9.1225012307   1.00
  105     -0.6686432213        -9.0973577835   1.00
  106     -0.6659135386        -9.0602185441   1.00
  107     -0.5652463103        -7.6905706304   1.00
  108     -0.5639382751        -7.6727738995   1.00
  109     -0.5622093815        -7.6492510945   1.00
  110     -0.5603467392        -7.6239085455   1.00
  111     -0.5584297987        -7.5978272323   1.00
  112     -0.5533642488        -7.5289068903   1.00
  113     -0.5505974761        -7.4912630163   1.00
  114     -0.5486557847        -7.4648449488   1.00
  115     -0.5464488542        -7.4348181184   1.00
  116     -0.4729858594        -6.4353027931   1.00
  117     -0.4718146324        -6.4193674312   1.00
  118     -0.4692238615        -6.3841181846   1.00
  119     -0.4666379018        -6.3489343980   1.00
  120     -0.4660024287        -6.3402883427   1.00
  121     -0.3547332071        -4.8263929094   0.00
  122     -0.3534261972        -4.8086101276   0.00
  123     -0.3486075672        -4.7430493026   0.00
  124     -0.2792855421        -3.7998747600   0.00
  125     -0.2774656175        -3.7751134149   0.00
  126     -0.2703087994        -3.6777399088   0.00
  127     -0.2072700642        -2.8200539122   0.00
  128     -0.2067984677        -2.8136375117   0.00
  129     -0.2060848535        -2.8039282931   0.00
  130     -0.1991003467        -2.7088992026   0.00
  131     -0.1944888125        -2.6461560602   0.00
  132     -0.1930761531        -2.6269358425   0.00
  133     -0.1917345035        -2.6086817631   0.00
  134     -0.1903829589        -2.5902930553   0.00
  135     -0.0981379799        -1.3352357240   0.00
  136     -0.0931399657        -1.2672342515   0.00
  137     -0.0903283765        -1.2289806180   0.00
  138     -0.0873369200        -1.1882797633   0.00
  139     -0.0839491439        -1.1421867045   0.00
  140     -0.0724447779        -0.9856617745   0.00
  141     -0.0621042357        -0.8449714799   0.00
  142     -0.0610104800        -0.8300901696   0.00
  143     -0.0538599206        -0.7328018169   0.00
  144     -0.0498083668        -0.6776776000   0.00
  145     -0.0041964980        -0.0570962843   0.00
  146     -0.0004154659        -0.0056527030   0.00
  147      0.0010534858         0.0143334100   0.00
  148      0.0078595512         0.1069346808   0.00
  149      0.0222117512         0.3022063803   0.00
  150      0.0300642542         0.4090451655   0.00
  151      0.0338163027         0.4600944036   0.00
  152      0.0357734505         0.4867227668   0.00
  153      0.0369902238         0.5032778167   0.00
  154      0.0476684114         0.6485620129   0.00
  155      0.0741253862         1.0085276235   0.00
  156      0.0849293847         1.1555235657   0.00
  157      0.0928547945         1.2633542978   0.00
  158      0.1022769042         1.3915486771   0.00
  159      0.1108654585         1.5084019543   0.00
  160      0.1187305935         1.6154126063   0.00
  161      0.1217457891         1.6564364479   0.00
  162      0.1296366374         1.7637969466   0.00
  163      0.1382333084         1.8807606564   0.00
  164      0.1480083246         2.0137565763   0.00
  165      0.1532767937         2.0854377750   0.00
  166      0.1586090403         2.1579867132   0.00
  167      0.1637246916         2.2275887194   0.00
  168      0.1712054505         2.3293696674   0.00
  169      0.1801869332         2.4515690092   0.00

Hartree potential time [sec]: 	0.990203

 max and min values of charge density [e/bohr^3]   3.33427e-01   8.52796e-13  
   ... SCF error =   4.19e-02  
 
 
 SCF iter # 4  ... 
 Diagonalization time [sec]: 12.508855,   [cpu sec]: 50.120000

   State  Eigenvalue [Ry]     Eigenvalue [eV]

    1     -1.7895581135       -24.3481873635   1.00
    2     -1.7566469034       -23.9004073766   1.00
    3     -1.7523288697       -23.8416575134   1.00
    4     -1.7487997383       -23.7936412167   1.00
    5     -1.6870867013       -22.9539922695   1.00
    6     -1.6850676673       -22.9265219023   1.00
    7     -1.6843980996       -22.9174119660   1.00
    8     -1.6795777758       -22.8518280961   1.00
    9     -1.6759890296       -22.8030006993   1.00
   10     -1.6147840846       -21.9702646968   1.00
   11     -1.6126315528       -21.9409779997   1.00
   12     -1.6055228312       -21.8442588799   1.00
   13     -1.5514436276       -21.1084735629   1.00
   14     -1.5472599722       -21.0515520118   1.00
   15     -1.5452190884       -21.0237843632   1.00
   16     -1.5417884818       -20.9771085655   1.00
   17     -1.4619809994       -19.8912720566   1.00
   18     -1.4582580070       -19.8406181460   1.00
   19     -1.4566690497       -19.8189992725   1.00
   20     -1.4558163052       -19.8073970877   1.00
   21     -1.4546978147       -19.7921792440   1.00
   22     -1.4223884059       -19.3525871833   1.00
   23     -1.4213936984       -19.3390534928   1.00
   24     -1.4196384722       -19.3151724151   1.00
   25     -1.4190818423       -19.3075990779   1.00
   26     -1.3187745535       -17.9428483924   1.00
   27     -1.3173239747       -17.9231122549   1.00
   28     -1.3155939056       -17.8995734576   1.00
   29     -1.3138016044       -17.8751879485   1.00
   30     -1.3079147293       -17.7950929032   1.00
   31     -1.3057968040       -17.7662770507   1.00
   32     -1.3040027289       -17.7418674062   1.00
   33     -1.3009334259       -17.7001073965   1.00
   34     -1.2304986441       -16.7417930226   1.00
   35     -1.2298457033       -16.7329093071   1.00
   36     -1.2277044742       -16.7037763898   1.00
   37     -1.1630836996       -15.8245656426   1.00
   38     -1.1573158589       -15.7460901425   1.00
   39     -1.1535069914       -15.6942678426   1.00
   40     -1.1530861533       -15.6885420460   1.00
   41     -1.1481548623       -15.6214483901   1.00
   42     -1.1465461429       -15.5995606384   1.00
   43     -1.1455551743       -15.5860778192   1.00
   44     -1.1380047585       -15.4833491420   1.00
   45     -1.1277483019       -15.3438028900   1.00
   46     -1.0404274734       -14.1557420623   1.00
   47     -1.0355442728       -14.0893027102   1.00
   48     -1.0326536548       -14.0499738345   1.00
   49     -1.0317089078       -14.0371198917   1.00
   50     -0.9870077653       -13.4289296432   1.00
   51     -0.9859433031       -13.4144468923   1.00
   52     -0.9849363391       -13.4007464442   1.00
   53     -0.9817606667       -13.3575392036   1.00
   54     -0.9784646039       -13.3126939685   1.00
   55     -0.9700279813       -13.1979078296   1.00
   56     -0.9670673241       -13.1576260214   1.00
   57     -0.9655353826       -13.1367828881   1.00
   58     -0.9213472098       -12.5355719510   1.00
   59     -0.9209829143       -12.5306154553   1.00
   60     -0.9192469380       -12.5069962862   1.00
   61     -0.9089328415       -12.3666658039   1.00
   62     -0.8756261600       -11.9135051515   1.00
   63     -0.8729452036       -11.8770288687   1.00
   64     -0.8690593559       -11.8241591972   1.00
   65     -0.8686951365       -11.8192037384   1.00
   66     -0.8675767794       -11.8039877101   1.00
   67     -0.8658965477       -11.7811269848   1.00
   68     -0.8627682228       -11.7385639402   1.00
   69     -0.8493555470       -11.5560751237   1.00
   70     -0.8443932295       -11.4885593300   1.00
   71     -0.8406844593       -11.4380989217   1.00
   72     -0.8357512495       -11.3709791589   1.00
   73     -0.8346119841       -11.3554786579   1.00
   74     -0.8172749748       -11.1195965436   1.00
   75     -0.8101890790       -11.0231879855   1.00
   76     -0.8087074939       -11.0030299859   1.00
   77     -0.8060217862       -10.9664890580   1.00
   78     -0.7932032059       -10.7920833245   1.00
   79     -0.7912949398       -10.7661200322   1.00
   80     -0.7903163664       -10.7528058578   1.00
   81     -0.7884152363       -10.7269396559   1.00
   82     -0.7880895124       -10.7225079544   1.00
   83     -0.7867004787       -10.7036091822   1.00
   84     -0.7845546258       -10.6744133555   1.00
   85     -0.7818214931       -10.6372271768   1.00
   86     -0.7689582429       -10.4622136788   1.00
   87     -0.7624110793       -10.3731349466   1.00
   88     -0.7553985817       -10.2777250225   1.00
   89     -0.7545853478       -10.2666604069   1.00
   90     -0.6989861125        -9.5101939990   1.00
   91     -0.6973012681        -9.4872705142   1.00
   92     -0.6906318943        -9.3965290284   1.00
   93     -0.6902744236        -9.3916653905   1.00
   94     -0.6886881970        -9.3700836696   1.00
   95     -0.6877486265        -9.3573001576   1.00
   96     -0.6795574677        -9.2458537237   1.00
   97     -0.6792257188        -9.2413400483   1.00
   98     -0.6672744468        -9.0787346503   1.00
   99     -0.6665660901        -9.0690969623   1.00
  100     -0.6633246404        -9.0249947771   1.00
  101     -0.6609642536        -8.9928800669   1.00
  102     -0.6568320270        -8.9366582400   1.00
  103     -0.6563824340        -8.9305412124   1.00
  104     -0.6526092866        -8.8792049086   1.00
  105     -0.6512346334        -8.8605017923   1.00
  106     -0.6477519416        -8.8131173387   1.00
  107     -0.5483803286        -7.4610971756   1.00
  108     -0.5455760993        -7.4229436788   1.00
  109     -0.5447741088        -7.4120320378   1.00
  110     -0.5444998163        -7.4083000975   1.00
  111     -0.5429960843        -7.3878407740   1.00
  112     -0.5349143739        -7.2778834631   1.00
  113     -0.5318640036        -7.2363810448   1.00
  114     -0.5308248776        -7.2222430101   1.00
  115     -0.5302112849        -7.2138946536   1.00
  116     -0.4568039955        -6.2151372383   1.00
  117     -0.4539654654        -6.1765170541   1.00
  118     -0.4530252128        -6.1637242615   1.00
  119     -0.4489755695        -6.1086260381   1.00
  120     -0.4458618312        -6.0662614546   1.00
  121     -0.3406341104        -4.6345648568   0.00
  122     -0.3336582805        -4.5396538212   0.00
  123     -0.3330615971        -4.5315355280   0.00
  124     -0.2641677780        -3.5941870263   0.00
  125     -0.2598113966        -3.5349154161   0.00
  126     -0.2530337018        -3.4427001476   0.00
  127     -0.1956108857        -2.6614226487   0.00
  128     -0.1940409825        -2.6400630210   0.00
  129     -0.1909844669        -2.5984769922   0.00
  130     -0.1836278931        -2.4983856693   0.00
  131     -0.1815428522        -2.4700172331   0.00
  132     -0.1759650067        -2.3941267510   0.00
  133     -0.1742840441        -2.3712560819   0.00
  134     -0.1708917557        -2.3251016294   0.00
  135     -0.0845940146        -1.1509606214   0.00
  136     -0.0788696396        -1.0730765025   0.00
  137     -0.0735051925        -1.0000894551   0.00
  138     -0.0730214081        -0.9935072314   0.00
  139     -0.0713134578        -0.9702693746   0.00
  140     -0.0704516156        -0.9585434101   0.00
  141     -0.0469941752        -0.6393885582   0.00
  142     -0.0453069648        -0.6164328837   0.00
  143     -0.0416101307        -0.5661348750   0.00
  144     -0.0386429061        -0.5257637135   0.00
  145      0.0000151785         0.0002065139   0.00
  146      0.0132953622         0.1808926837   0.00
  147      0.0184151808         0.2505513901   0.00
  148      0.0206768714         0.2813232692   0.00
  149      0.0217634833         0.2961073822   0.00
  150      0.0240865246         0.3277139816   0.00
  151      0.0323026155         0.4394996336   0.00
  152      0.0411782061         0.5602582394   0.00
  153      0.0501331000         0.6820958221   0.00
  154      0.0547077310         0.7443368701   0.00
  155      0.0699124526         0.9512077207   0.00
  156      0.0751006891         1.0217973004   0.00
  157      0.0802304387         1.0915911245   0.00
  158      0.0924847740         1.2583199107   0.00
  159      0.1105516842         1.5041328362   0.00
  160      0.1205482854         1.6401435731   0.00
  161      0.1226869472         1.6692415608   0.00
  162      0.1252905206         1.7046649935   0.00
  163      0.1345486994         1.8306289792   0.00
  164      0.1398880205         1.9032741705   0.00
  165      0.1475589866         2.0076430191   0.00
  166      0.1576331100         2.1447084999   0.00
  167      0.1679505833         2.2850849268   0.00
  168      0.1721689393         2.3424786046   0.00
  169      0.1781609975         2.4240047387   0.00

Hartree potential time [sec]: 	1.001877

 max and min values of charge density [e/bohr^3]   3.32501e-01   1.02566e-13  
   ... SCF error =   2.86e-02  
 
 
 SCF iter # 5  ... 
 Diagonalization time [sec]: 12.770960,   [cpu sec]: 50.920000

   State  Eigenvalue [Ry]     Eigenvalue [eV]

    1     -1.7881451473       -24.3289629722   1.00
    2     -1.7547701980       -23.8748734886   1.00
    3     -1.7535052371       -23.8576628134   1.00
    4     -1.7442440579       -23.7316580052   1.00
    5     -1.6857105345       -22.9352685587   1.00
    6     -1.6852794362       -22.9294031652   1.00
    7     -1.6792914078       -22.8479318598   1.00
    8     -1.6766461352       -22.8119410785   1.00
    9     -1.6752880616       -22.7934635400   1.00
   10     -1.6140733978       -21.9605953063   1.00
   11     -1.6072716142       -21.8680522935   1.00
   12     -1.6058865650       -21.8492077316   1.00
   13     -1.5492587894       -21.0787473143   1.00
   14     -1.5439357219       -21.0063232658   1.00
   15     -1.5427893059       -20.9907254761   1.00
   16     -1.5410893290       -20.9675961036   1.00
   17     -1.4586786272       -19.8463409769   1.00
   18     -1.4560990593       -19.8112441548   1.00
   19     -1.4554190625       -19.8019923243   1.00
   20     -1.4530030096       -19.7691202375   1.00
   21     -1.4525796827       -19.7633605800   1.00
   22     -1.4202195382       -19.3230782247   1.00
   23     -1.4183682920       -19.2978907273   1.00
   24     -1.4182580372       -19.2963906342   1.00
   25     -1.4175393034       -19.2866117582   1.00
   26     -1.3148681260       -17.8896987190   1.00
   27     -1.3141188421       -17.8795041888   1.00
   28     -1.3099789227       -17.8231776953   1.00
   29     -1.3098334363       -17.8211982508   1.00
   30     -1.3083529742       -17.8010555304   1.00
   31     -1.3034878992       -17.7348627891   1.00
   32     -1.3033957319       -17.7336087889   1.00
   33     -1.3019768928       -17.7143044930   1.00
   34     -1.2288051808       -16.7187522719   1.00
   35     -1.2264558920       -16.6867885584   1.00
   36     -1.2263072994       -16.6847668514   1.00
   37     -1.1585399842       -15.7627452225   1.00
   38     -1.1521715633       -15.6760984109   1.00
   39     -1.1511371550       -15.6620245641   1.00
   40     -1.1502304397       -15.6496880690   1.00
   41     -1.1500891857       -15.6477662100   1.00
   42     -1.1420429105       -15.5382910181   1.00
   43     -1.1414973657       -15.5308685012   1.00
   44     -1.1398938226       -15.5090511781   1.00
   45     -1.1259840514       -15.3197990308   1.00
   46     -1.0380418237       -14.1232836329   1.00
   47     -1.0328944069       -14.0532494346   1.00
   48     -1.0323925916       -14.0464218873   1.00
   49     -1.0284798944       -13.9931869096   1.00
   50     -0.9832185740       -13.3773750504   1.00
   51     -0.9821134568       -13.3623391603   1.00
   52     -0.9815614684       -13.3548289720   1.00
   53     -0.9781125110       -13.3079034986   1.00
   54     -0.9773329495       -13.2972970212   1.00
   55     -0.9676942029       -13.1661551446   1.00
   56     -0.9672856731       -13.1605968115   1.00
   57     -0.9642833910       -13.1197486684   1.00
   58     -0.9199276295       -12.5162575691   1.00
   59     -0.9173119542       -12.4806694808   1.00
   60     -0.9163984675       -12.4682408571   1.00
   61     -0.9086662869       -12.3630391429   1.00
   62     -0.8713630061       -11.8555019669   1.00
   63     -0.8701562800       -11.8390836159   1.00
   64     -0.8691994559       -11.8260653555   1.00
   65     -0.8680294697       -11.8101468766   1.00
   66     -0.8675471398       -11.8035844427   1.00
   67     -0.8655089447       -11.7758533748   1.00
   68     -0.8606165043       -11.7092883081   1.00
   69     -0.8474291674       -11.5298653839   1.00
   70     -0.8413558817       -11.4472340931   1.00
   71     -0.8359797517       -11.3740880905   1.00
   72     -0.8325286359       -11.3271332518   1.00
   73     -0.8319558643       -11.3193402938   1.00
   74     -0.8145171005       -11.0820737388   1.00
   75     -0.8063511157       -10.9709698152   1.00
   76     -0.8062786918       -10.9699844378   1.00
   77     -0.8059869570       -10.9660151819   1.00
   78     -0.7905562470       -10.7560696015   1.00
   79     -0.7901265316       -10.7502230230   1.00
   80     -0.7889093106       -10.7336618820   1.00
   81     -0.7873319608       -10.7122009367   1.00
   82     -0.7871907676       -10.7102799043   1.00
   83     -0.7840853947       -10.6680291386   1.00
   84     -0.7839233300       -10.6658241354   1.00
   85     -0.7825777293       -10.6475162980   1.00
   86     -0.7619526116       -10.3668971746   1.00
   87     -0.7601421622       -10.3422647458   1.00
   88     -0.7558917831       -10.2844353710   1.00
   89     -0.7526334148       -10.2401029968   1.00
   90     -0.6977186251        -9.4929489479   1.00
   91     -0.6936232683        -9.4372287599   1.00
   92     -0.6924341935        -9.4210505675   1.00
   93     -0.6906906515        -9.3973284616   1.00
   94     -0.6827170394        -9.2888419027   1.00
   95     -0.6800370872        -9.2523792824   1.00
   96     -0.6798950877        -9.2504472795   1.00
   97     -0.6778827739        -9.2230683464   1.00
   98     -0.6655344659        -9.0550609951   1.00
   99     -0.6639849347        -9.0339785424   1.00
  100     -0.6602169177        -8.9827120404   1.00
  101     -0.6568370779        -8.9367269609   1.00
  102     -0.6555236487        -8.9188568393   1.00
  103     -0.6547471310        -8.9082917733   1.00
  104     -0.6518960572        -8.8695009253   1.00
  105     -0.6517609013        -8.8676620346   1.00
  106     -0.6505256829        -8.8508560252   1.00
  107     -0.5442645549        -7.4050992025   1.00
  108     -0.5435736700        -7.3956992302   1.00
  109     -0.5427774358        -7.3848659084   1.00
  110     -0.5417461367        -7.3708343642   1.00
  111     -0.5404707814        -7.3534822647   1.00
  112     -0.5348400599        -7.2768723686   1.00
  113     -0.5343907123        -7.2707586812   1.00
  114     -0.5327165964        -7.2479811660   1.00
  115     -0.5302283742        -7.2141271653   1.00
  116     -0.4518532307        -6.1477786267   1.00
  117     -0.4513013569        -6.1402699983   1.00
  118     -0.4508048952        -6.1335152902   1.00
  119     -0.4507222255        -6.1323905117   1.00
  120     -0.4486079811        -6.1036247412   1.00
  121     -0.3371537389        -4.5872119731   0.00
  122     -0.3352842311        -4.5617760142   0.00
  123     -0.3317319743        -4.5134450811   0.00
  124     -0.2615618928        -3.5587321384   0.00
  125     -0.2580842280        -3.5114160823   0.00
  126     -0.2544084964        -3.4614051875   0.00
  127     -0.1912439072        -2.6020068584   0.00
  128     -0.1903094516        -2.5892929378   0.00
  129     -0.1899041820        -2.5837789616   0.00
  130     -0.1806399855        -2.4577331011   0.00
  131     -0.1796174672        -2.4438210267   0.00
  132     -0.1779292966        -2.4208522868   0.00
  133     -0.1750334095        -2.3814517213   0.00
  134     -0.1744068138        -2.3729264496   0.00
  135     -0.0829688632        -1.1288493016   0.00
  136     -0.0751581365        -1.0225789126   0.00
  137     -0.0748924734        -1.0189643809   0.00
  138     -0.0738920259        -1.0053525939   0.00
  139     -0.0734069546        -0.9987528603   0.00
  140     -0.0704213621        -0.9581317905   0.00
  141     -0.0475388059        -0.6467986399   0.00
  142     -0.0459309017        -0.6249219798   0.00
  143     -0.0400611691        -0.5450601713   0.00
  144     -0.0397021581        -0.5401755754   0.00
  145      0.0064063412         0.0871627445   0.00
  146      0.0124763103         0.1697489106   0.00
  147      0.0143559337         0.1953224994   0.00
  148      0.0144741648         0.1969311161   0.00
  149      0.0161409400         0.2196087558   0.00
  150      0.0166448417         0.2264646903   0.00
  151      0.0254907627         0.3468196204   0.00
  152      0.0429160329         0.5839025863   0.00
  153      0.0469406864         0.6386608061   0.00
  154      0.0481619329         0.6552767168   0.00
  155      0.0623449799         0.8482469726   0.00
  156      0.0656185410         0.8927860560   0.00
  157      0.0700693344         0.9533422072   0.00
  158      0.0764452803         1.0400914027   0.00
  159      0.1014265038         1.3799783870   0.00
  160      0.1085627225         1.4770716229   0.00
  161      0.1189947578         1.6190067462   0.00
  162      0.1243918564         1.6924380397   0.00
  163      0.1247305934         1.6970467940   0.00
  164      0.1321199981         1.7975848032   0.00
  165      0.1406662791         1.9138629220   0.00
  166      0.1500089308         2.0409762196   0.00
  167      0.1618690496         2.2023414152   0.00
  168      0.1627887438         2.2148544972   0.00
  169      0.1706944300         2.3224168758   0.00

Hartree potential time [sec]: 	1.019029

 max and min values of charge density [e/bohr^3]   3.30680e-01   1.44503e-14  
   ... SCF error =   1.35e-02  
 
 
 SCF iter # 6  ... 
 Diagonalization time [sec]: 12.331156,   [cpu sec]: 49.480000

   State  Eigenvalue [Ry]     Eigenvalue [eV]

    1     -1.7892923991       -24.3445721334   1.00
    2     -1.7540028818       -23.8644336162   1.00
    3     -1.7533220599       -23.8551705597   1.00
    4     -1.7498574955       -23.8080327418   1.00
    5     -1.6846097496       -22.9202916117   1.00
    6     -1.6828602331       -22.8964882185   1.00
    7     -1.6823576590       -22.8896503472   1.00
    8     -1.6808685938       -22.8693905754   1.00
    9     -1.6804144420       -22.8632115229   1.00
   10     -1.6118729047       -21.9306560616   1.00
   11     -1.6108616895       -21.9168977736   1.00
   12     -1.6102538009       -21.9086270241   1.00
   13     -1.5474684531       -21.0543885399   1.00
   14     -1.5471822931       -21.0504951336   1.00
   15     -1.5445889799       -21.0152112969   1.00
   16     -1.5442406532       -21.0104720686   1.00
   17     -1.4595864634       -19.8586927227   1.00
   18     -1.4572506814       -19.8269127780   1.00
   19     -1.4560933497       -19.8111664724   1.00
   20     -1.4553974106       -19.8016977344   1.00
   21     -1.4551992351       -19.7990014192   1.00
   22     -1.4225651168       -19.3549914584   1.00
   23     -1.4202298069       -19.3232179367   1.00
   24     -1.4195051838       -19.3133589340   1.00
   25     -1.4194101927       -19.3120665138   1.00
   26     -1.3158886934       -17.9035842514   1.00
   27     -1.3138659114       -17.8760628902   1.00
   28     -1.3136795276       -17.8735270082   1.00
   29     -1.3122191157       -17.8536570844   1.00
   30     -1.3092065312       -17.8126687701   1.00
   31     -1.3051023716       -17.7568288132   1.00
   32     -1.3046184499       -17.7502447209   1.00
   33     -1.3044145102       -17.7474699793   1.00
   34     -1.2301064922       -16.7364575215   1.00
   35     -1.2287708320       -16.7182849328   1.00
   36     -1.2276935878       -16.7036282727   1.00
   37     -1.1587498357       -15.7656003985   1.00
   38     -1.1549373398       -15.7137287309   1.00
   39     -1.1534785798       -15.6938812824   1.00
   40     -1.1524661455       -15.6801064064   1.00
   41     -1.1500967695       -15.6478693926   1.00
   42     -1.1439425920       -15.5641375110   1.00
   43     -1.1432887536       -15.5552415836   1.00
   44     -1.1411841067       -15.5266063939   1.00
   45     -1.1279817513       -15.3469791323   1.00
   46     -1.0396634966       -14.1453476247   1.00
   47     -1.0337373507       -14.0647182726   1.00
   48     -1.0329539177       -14.0540591209   1.00
   49     -1.0320115358       -14.0412373570   1.00
   50     -0.9845440752       -13.3954094205   1.00
   51     -0.9843312172       -13.3925133380   1.00
   52     -0.9830572904       -13.3751806748   1.00
   53     -0.9799180787       -13.3324695088   1.00
   54     -0.9785799905       -13.3142638843   1.00
   55     -0.9685439913       -13.1777171098   1.00
   56     -0.9679948847       -13.1702461304   1.00
   57     -0.9671518769       -13.1587764215   1.00
   58     -0.9211358882       -12.5326967731   1.00
   59     -0.9185873499       -12.4980221303   1.00
   60     -0.9185184882       -12.4970852187   1.00
   61     -0.9102016876       -12.3839293411   1.00
   62     -0.8724986441       -11.8709531150   1.00
   63     -0.8723857263       -11.8694167892   1.00
   64     -0.8700698270       -11.8379073628   1.00
   65     -0.8688682360       -11.8215588788   1.00
   66     -0.8679609935       -11.8092152100   1.00
   67     -0.8670418909       -11.7967101781   1.00
   68     -0.8657019469       -11.7784793051   1.00
   69     -0.8473519647       -11.5288149880   1.00
   70     -0.8437729618       -11.4801201548   1.00
   71     -0.8365116191       -11.3813245186   1.00
   72     -0.8354416144       -11.3667663573   1.00
   73     -0.8334546245       -11.3397319722   1.00
   74     -0.8166612640       -11.1112465797   1.00
   75     -0.8083709647       -10.9984512716   1.00
   76     -0.8078811324       -10.9917867604   1.00
   77     -0.8069056541       -10.9785146975   1.00
   78     -0.7915351979       -10.7693889113   1.00
   79     -0.7898897482       -10.7470014196   1.00
   80     -0.7894455296       -10.7409575151   1.00
   81     -0.7890810172       -10.7359980697   1.00
   82     -0.7883518670       -10.7260774727   1.00
   83     -0.7881750012       -10.7236710896   1.00
   84     -0.7865471026       -10.7015223927   1.00
   85     -0.7861611119       -10.6962707195   1.00
   86     -0.7641459205       -10.3967386732   1.00
   87     -0.7597668373       -10.3371581893   1.00
   88     -0.7592282344       -10.3298301206   1.00
   89     -0.7542999784       -10.2627777568   1.00
   90     -0.6969724933        -9.4827973043   1.00
   91     -0.6964735000        -9.4760081514   1.00
   92     -0.6963511197        -9.4743430831   1.00
   93     -0.6905655271        -9.3956260571   1.00
   94     -0.6862157621        -9.3364444672   1.00
   95     -0.6822892303        -9.2830212617   1.00
   96     -0.6804149298        -9.2575200946   1.00
   97     -0.6803778186        -9.2570151713   1.00
   98     -0.6655871555        -9.0557778745   1.00
   99     -0.6648657217        -9.0459622643   1.00
  100     -0.6638131906        -9.0316418442   1.00
  101     -0.6595183401        -8.9732074049   1.00
  102     -0.6554228834        -8.9174858569   1.00
  103     -0.6551742171        -8.9141025785   1.00
  104     -0.6543949547        -8.9035001702   1.00
  105     -0.6540251057        -8.8984681159   1.00
  106     -0.6533414746        -8.8891668374   1.00
  107     -0.5456507693        -7.4239596167   1.00
  108     -0.5451595210        -7.4172758406   1.00
  109     -0.5443249742        -7.4059212485   1.00
  110     -0.5434731219        -7.3943312031   1.00
  111     -0.5427786232        -7.3848820635   1.00
  112     -0.5366113861        -7.3009724977   1.00
  113     -0.5354286736        -7.2848808684   1.00
  114     -0.5352396030        -7.2823084320   1.00
  115     -0.5332442671        -7.2551604941   1.00
  116     -0.4545841253        -6.1849343544   1.00
  117     -0.4534964446        -6.1701356994   1.00
  118     -0.4529358346        -6.1625082084   1.00
  119     -0.4513608463        -6.1410793932   1.00
  120     -0.4503189282        -6.1269033704   1.00
  121     -0.3400015939        -4.6259590289   0.00
  122     -0.3360536804        -4.5722449100   0.00
  123     -0.3340386564        -4.5448291015   0.00
  124     -0.2641683552        -3.5941948800   0.00
  125     -0.2581052843        -3.5117025668   0.00
  126     -0.2577511808        -3.5068847415   0.00
  127     -0.1934857645        -2.6325088920   0.00
  128     -0.1928586448        -2.6239764910   0.00
  129     -0.1917312521        -2.6086375252   0.00
  130     -0.1840499332        -2.5041278204   0.00
  131     -0.1809223949        -2.4615754780   0.00
  132     -0.1794803820        -2.4419558866   0.00
  133     -0.1765944713        -2.4026910570   0.00
  134     -0.1751574722        -2.3831396811   0.00
  135     -0.0853825817        -1.1616896262   0.00
  136     -0.0784745648        -1.0677012350   0.00
  137     -0.0773744915        -1.0527339695   0.00
  138     -0.0758436822        -1.0319062401   0.00
  139     -0.0749372455        -1.0195735361   0.00
  140     -0.0734471738        -0.9993000704   0.00
  141     -0.0494037183        -0.6721720750   0.00
  142     -0.0478882009        -0.6515524020   0.00
  143     -0.0429962573        -0.5849940949   0.00
  144     -0.0424147829        -0.5770827301   0.00
  145      0.0012615066         0.0171636784   0.00
  146      0.0102309404         0.1391990863   0.00
  147      0.0118369180         0.1610495327   0.00
  148      0.0121409410         0.1651859774   0.00
  149      0.0138395209         0.1882963434   0.00
  150      0.0146324590         0.1990848186   0.00
  151      0.0179615587         0.2443795443   0.00
  152      0.0387154617         0.5267508820   0.00
  153      0.0453212487         0.6166272254   0.00
  154      0.0470742195         0.6404776172   0.00
  155      0.0558262300         0.7595548300   0.00
  156      0.0578624861         0.7872595151   0.00
  157      0.0646425428         0.8795069196   0.00
  158      0.0667268303         0.9078651064   0.00
  159      0.0945790827         1.2868144419   0.00
  160      0.1001679297         1.3628546078   0.00
  161      0.1097937570         1.4938207078   0.00
  162      0.1195262998         1.6262387465   0.00
  163      0.1203077788         1.6368713138   0.00
  164      0.1257699323         1.7111877243   0.00
  165      0.1330203304         1.8098344516   0.00
  166      0.1418047823         1.9293530523   0.00
  167      0.1528008538         2.0789622809   0.00
  168      0.1566982914         2.1319896408   0.00
  169      0.1613584369         2.1953941734   0.00

Hartree potential time [sec]: 	0.992906

 max and min values of charge density [e/bohr^3]   3.31129e-01   2.22231e-15  
   ... SCF error =   4.33e-03  
 
 
 SCF iter # 7  ... 
 Diagonalization time [sec]: 12.398735,   [cpu sec]: 49.660000

   State  Eigenvalue [Ry]     Eigenvalue [eV]

    1     -1.7913178848       -24.3721302807   1.00
    2     -1.7562386752       -23.8948531471   1.00
    3     -1.7556461057       -23.8867908250   1.00
    4     -1.7512677319       -23.8272199934   1.00
    5     -1.6868630680       -22.9509495813   1.00
    6     -1.6854682514       -22.9319721285   1.00
    7     -1.6843519058       -22.9167834668   1.00
    8     -1.6822731419       -22.8885004326   1.00
    9     -1.6821090468       -22.8862678045   1.00
   10     -1.6144173152       -21.9652745427   1.00
   11     -1.6126981752       -21.9418844430   1.00
   12     -1.6118821547       -21.9307819148   1.00
   13     -1.5496004893       -21.0833963802   1.00
   14     -1.5491820272       -21.0777029113   1.00
   15     -1.5465811954       -21.0423167797   1.00
   16     -1.5458639544       -21.0325582142   1.00
   17     -1.4614868583       -19.8845489215   1.00
   18     -1.4592664332       -19.8543384880   1.00
   19     -1.4582943020       -19.8411119650   1.00
   20     -1.4572077652       -19.8263288726   1.00
   21     -1.4570710865       -19.8244692637   1.00
   22     -1.4243657961       -19.3794909572   1.00
   23     -1.4221275122       -19.3490375423   1.00
   24     -1.4215332643       -19.3409523845   1.00
   25     -1.4213141261       -19.3379708562   1.00
   26     -1.3177051234       -17.9282980496   1.00
   27     -1.3156701335       -17.9006105902   1.00
   28     -1.3155264809       -17.8986560974   1.00
   29     -1.3139967258       -17.8778427104   1.00
   30     -1.3112618793       -17.8406332155   1.00
   31     -1.3071039619       -17.7840618471   1.00
   32     -1.3068019400       -17.7799526283   1.00
   33     -1.3062293756       -17.7721624896   1.00
   34     -1.2321153230       -16.7637890678   1.00
   35     -1.2306262784       -16.7435295761   1.00
   36     -1.2296407289       -16.7301204873   1.00
   37     -1.1605939980       -15.7906915135   1.00
   38     -1.1567861281       -15.7388827864   1.00
   39     -1.1552130136       -15.7174794652   1.00
   40     -1.1543297933       -15.7054626359   1.00
   41     -1.1522431745       -15.6770727306   1.00
   42     -1.1456779628       -15.5877484423   1.00
   43     -1.1450133295       -15.5787056430   1.00
   44     -1.1434440050       -15.5573538875   1.00
   45     -1.1299496725       -15.3737540740   1.00
   46     -1.0416417094       -14.1722625912   1.00
   47     -1.0358036517       -14.0928317402   1.00
   48     -1.0350061886       -14.0819816991   1.00
   49     -1.0337091273       -14.0643342746   1.00
   50     -0.9863624543       -13.4201497365   1.00
   51     -0.9860152444       -13.4154257040   1.00
   52     -0.9849872676       -13.4014393622   1.00
   53     -0.9817370303       -13.3572176150   1.00
   54     -0.9805948440       -13.3416773722   1.00
   55     -0.9705620966       -13.2051748403   1.00
   56     -0.9701107698       -13.1990342248   1.00
   57     -0.9689286519       -13.1829506846   1.00
   58     -0.9231173983       -12.5596566008   1.00
   59     -0.9204741081       -12.5236927920   1.00
   60     -0.9204005681       -12.5226922290   1.00
   61     -0.9122483342       -12.4117753957   1.00
   62     -0.8744862849       -11.8979963557   1.00
   63     -0.8741520292       -11.8934485736   1.00
   64     -0.8721002777       -11.8655330617   1.00
   65     -0.8711122114       -11.8520897302   1.00
   66     -0.8701980178       -11.8396514873   1.00
   67     -0.8689456146       -11.8226116685   1.00
   68     -0.8673428140       -11.8008044474   1.00
   69     -0.8493991161       -11.5566679116   1.00
   70     -0.8455154675       -11.5038281605   1.00
   71     -0.8385284919       -11.4087654812   1.00
   72     -0.8371344201       -11.3897981608   1.00
   73     -0.8353934504       -11.3661110521   1.00
   74     -0.8183948676       -11.1348334676   1.00
   75     -0.8101892877       -11.0231908254   1.00
   76     -0.8097815504       -11.0176432743   1.00
   77     -0.8089716442       -11.0066239343   1.00
   78     -0.7932331993       -10.7924914060   1.00
   79     -0.7921157085       -10.7772871636   1.00
   80     -0.7914748491       -10.7685678235   1.00
   81     -0.7914504274       -10.7682355496   1.00
   82     -0.7902603729       -10.7520440270   1.00
   83     -0.7900820761       -10.7496181750   1.00
   84     -0.7882039119       -10.7240644398   1.00
   85     -0.7881508619       -10.7233426581   1.00
   86     -0.7657648357       -10.4187651446   1.00
   87     -0.7621983228       -10.3702402460   1.00
   88     -0.7608302698       -10.3516269299   1.00
   89     -0.7561758540       -10.2883003549   1.00
   90     -0.6989297263        -9.5094268258   1.00
   91     -0.6988537919        -9.5083936844   1.00
   92     -0.6980981940        -9.4981132480   1.00
   93     -0.6926954783        -9.4246055295   1.00
   94     -0.6879024939        -9.3593936309   1.00
   95     -0.6838812635        -9.3046819839   1.00
   96     -0.6824737283        -9.2855314849   1.00
   97     -0.6823952641        -9.2844639252   1.00
   98     -0.6675390958        -9.0823353843   1.00
   99     -0.6669539444        -9.0743739914   1.00
  100     -0.6653749010        -9.0528900041   1.00
  101     -0.6610298622        -8.9937727175   1.00
  102     -0.6576506142        -8.9477956891   1.00
  103     -0.6569117313        -8.9377426725   1.00
  104     -0.6564530051        -8.9315013825   1.00
  105     -0.6561986175        -8.9280402604   1.00
  106     -0.6554069003        -8.9172683962   1.00
  107     -0.5476414845        -7.4510446862   1.00
  108     -0.5470321690        -7.4427545236   1.00
  109     -0.5462096824        -7.4315640194   1.00
  110     -0.5456058188        -7.4233480338   1.00
  111     -0.5446440258        -7.4102621683   1.00
  112     -0.5386938897        -7.3293064137   1.00
  113     -0.5376826643        -7.3155479854   1.00
  114     -0.5372194035        -7.3092449990   1.00
  115     -0.5351439731        -7.2810073196   1.00
  116     -0.4563729066        -6.2092719730   1.00
  117     -0.4553419035        -6.1952444564   1.00
  118     -0.4549571070        -6.1900090307   1.00
  119     -0.4533831457        -6.1685941886   1.00
  120     -0.4525552972        -6.1573307315   1.00
  121     -0.3419448946        -4.6523989914   0.00
  122     -0.3381710664        -4.6010534236   0.00
  123     -0.3359801019        -4.5712438230   0.00
  124     -0.2660076803        -3.6192201814   0.00
  125     -0.2602012057        -3.5402190415   0.00
  126     -0.2598074016        -3.5348610610   0.00
  127     -0.1954550733        -2.6593027131   0.00
  128     -0.1949947101        -2.6530391500   0.00
  129     -0.1936790067        -2.6351380876   0.00
  130     -0.1855728684        -2.5248484170   0.00
  131     -0.1828971492        -2.4884433890   0.00
  132     -0.1817680503        -2.4730812104   0.00
  133     -0.1784591138        -2.4280608189   0.00
  134     -0.1773403400        -2.4128391215   0.00
  135     -0.0875567747        -1.1912710405   0.00
  136     -0.0806629965        -1.0974763758   0.00
  137     -0.0797588913        -1.0851753937   0.00
  138     -0.0780779454        -1.0623049505   0.00
  139     -0.0772308374        -1.0507794545   0.00
  140     -0.0754735078        -1.0268697585   0.00
  141     -0.0516274869        -0.7024279987   0.00
  142     -0.0499697886        -0.6798738556   0.00
  143     -0.0450974670        -0.6135825191   0.00
  144     -0.0448504555        -0.6102217557   0.00
  145     -0.0006524550        -0.0088771057   0.00
  146      0.0079049254         0.1075520280   0.00
  147      0.0091777990         0.1248703619   0.00
  148      0.0092869640         0.1263556288   0.00
  149      0.0111547283         0.1517678650   0.00
  150      0.0119037790         0.1619592225   0.00
  151      0.0135667474         0.1845850683   0.00
  152      0.0363929385         0.4951513330   0.00
  153      0.0427003217         0.5809676846   0.00
  154      0.0444982868         0.6054302542   0.00
  155      0.0514654261         0.7002230484   0.00
  156      0.0532529174         0.7245431157   0.00
  157      0.0588349489         0.8004905508   0.00
  158      0.0619029120         0.8422323298   0.00
  159      0.0899945047         1.2244380588   0.00
  160      0.0938718020         1.2771913951   0.00
  161      0.1027019290         1.3973314373   0.00
  162      0.1161082423         1.5797336880   0.00
  163      0.1167884052         1.5889877786   0.00
  164      0.1210246255         1.6466245133   0.00
  165      0.1275832278         1.7358588763   0.00
  166      0.1347114420         1.8328432061   0.00
  167      0.1448201053         1.9703786261   0.00
  168      0.1516219248         2.0629221287   0.00
  169      0.1534249347         2.0874533371   0.00

Hartree potential time [sec]: 	0.990113

 max and min values of charge density [e/bohr^3]   3.30820e-01   1.42324e-15  
   ... SCF error =   2.64e-03  
 
 
 SCF iter # 8  ... 
 Diagonalization time [sec]: 12.355685,   [cpu sec]: 49.550000

   State  Eigenvalue [Ry]     Eigenvalue [eV]

    1     -1.7921636223       -24.3836371300   1.00
    2     -1.7567605834       -23.9019540716   1.00
    3     -1.7563518607       -23.8963931143   1.00
    4     -1.7525736688       -23.8449881765   1.00
    5     -1.6874474941       -22.9589011068   1.00
    6     -1.6858425917       -22.9370652901   1.00
    7     -1.6849173806       -22.9244771463   1.00
    8     -1.6836655638       -22.9074453059   1.00
    9     -1.6830327588       -22.8988355516   1.00
   10     -1.6147885727       -21.9703257602   1.00
   11     -1.6133984029       -21.9514115304   1.00
   12     -1.6129579090       -21.9454183036   1.00
   13     -1.5500450299       -21.0894446657   1.00
   14     -1.5499768433       -21.0885169389   1.00
   15     -1.5473264967       -21.0524571230   1.00
   16     -1.5470092388       -21.0481406089   1.00
   17     -1.4621796387       -19.8939746824   1.00
   18     -1.4599777942       -19.8640170505   1.00
   19     -1.4588497150       -19.8486687461   1.00
   20     -1.4580309336       -19.8375286537   1.00
   21     -1.4579317294       -19.8361789105   1.00
   22     -1.4252006027       -19.3908490833   1.00
   23     -1.4228875958       -19.3593790104   1.00
   24     -1.4221873310       -19.3498514194   1.00
   25     -1.4220743952       -19.3483148480   1.00
   26     -1.3185434467       -17.9397040228   1.00
   27     -1.3162993985       -17.9091721806   1.00
   28     -1.3162414349       -17.9083835458   1.00
   29     -1.3147864712       -17.8885877483   1.00
   30     -1.3118756706       -17.8489842744   1.00
   31     -1.3078262915       -17.7938896453   1.00
   32     -1.3073459404       -17.7873541333   1.00
   33     -1.3071267934       -17.7843724846   1.00
   34     -1.2328007386       -16.7731146254   1.00
   35     -1.2314333107       -16.7545098136   1.00
   36     -1.2304645180       -16.7413287133   1.00
   37     -1.1612143351       -15.7991316336   1.00
   38     -1.1575860283       -15.7497659861   1.00
   39     -1.1559618939       -15.7276685048   1.00
   40     -1.1551286426       -15.7163315387   1.00
   41     -1.1527643602       -15.6841638266   1.00
   42     -1.1466087964       -15.6004130831   1.00
   43     -1.1457895334       -15.5892664381   1.00
   44     -1.1438829866       -15.5633265387   1.00
   45     -1.1307055827       -15.3840387604   1.00
   46     -1.0422866990       -14.1810381255   1.00
   47     -1.0364553355       -14.1016983540   1.00
   48     -1.0357668900       -14.0923315715   1.00
   49     -1.0346489673       -14.0771214528   1.00
   50     -0.9871436646       -13.4307786487   1.00
   51     -0.9868558378       -13.4268625635   1.00
   52     -0.9855919644       -13.4096666835   1.00
   53     -0.9825104010       -13.3677398623   1.00
   54     -0.9811888501       -13.3497592402   1.00
   55     -0.9712637341       -13.2147211092   1.00
   56     -0.9706702498       -13.2066463400   1.00
   57     -0.9697438813       -13.1940424509   1.00
   58     -0.9237713520       -12.5685540980   1.00
   59     -0.9212051613       -12.5336392811   1.00
   60     -0.9211759824       -12.5332422820   1.00
   61     -0.9131449312       -12.4239742247   1.00
   62     -0.8751412069       -11.9069070258   1.00
   63     -0.8750244352       -11.9053182658   1.00
   64     -0.8727823395       -11.8748129883   1.00
   65     -0.8716964211       -11.8600383101   1.00
   66     -0.8709844057       -11.8503508448   1.00
   67     -0.8697241544       -11.8332042451   1.00
   68     -0.8684370610       -11.8156924418   1.00
   69     -0.8499181972       -11.5637303723   1.00
   70     -0.8463828030       -11.5156288661   1.00
   71     -0.8392002335       -11.4179049943   1.00
   72     -0.8379304461       -11.4006286502   1.00
   73     -0.8360407325       -11.3749177767   1.00
   74     -0.8192532507       -11.1465123686   1.00
   75     -0.8109223406       -11.0331645210   1.00
   76     -0.8104507299       -11.0267479278   1.00
   77     -0.8094901473       -11.0136785312   1.00
   78     -0.7942056551       -10.8057223453   1.00
   79     -0.7927919284       -10.7864876071   1.00
   80     -0.7920653487       -10.7766019831   1.00
   81     -0.7919942803       -10.7756350479   1.00
   82     -0.7910843359       -10.7632546194   1.00
   83     -0.7909253520       -10.7610915316   1.00
   84     -0.7893802877       -10.7400698538   1.00
   85     -0.7887622574       -10.7316611201   1.00
   86     -0.7665135951       -10.4289525378   1.00
   87     -0.7624313714       -10.3734110350   1.00
   88     -0.7617673568       -10.3643766532   1.00
   89     -0.7569041180       -10.2982088939   1.00
   90     -0.6996197733        -9.5188153961   1.00
   91     -0.6994420675        -9.5163975845   1.00
   92     -0.6991352383        -9.5122229597   1.00
   93     -0.6931747242        -9.4311260046   1.00
   94     -0.6886649414        -9.3697672617   1.00
   95     -0.6846954785        -9.3157599473   1.00
   96     -0.6831129584        -9.2942286567   1.00
   97     -0.6829888306        -9.2925398113   1.00
   98     -0.6680546735        -9.0893501787   1.00
   99     -0.6675805670        -9.0828996299   1.00
  100     -0.6663896123        -9.0666958598   1.00
  101     -0.6620342267        -9.0074377977   1.00
  102     -0.6580944553        -8.9538344580   1.00
  103     -0.6579655983        -8.9520812676   1.00
  104     -0.6570302373        -8.9393550292   1.00
  105     -0.6569532477        -8.9383075317   1.00
  106     -0.6561934973        -8.9279705974   1.00
  107     -0.5484696108        -7.4623119235   1.00
  108     -0.5478716512        -7.4541762657   1.00
  109     -0.5470236103        -7.4426380774   1.00
  110     -0.5463090536        -7.4329160339   1.00
  111     -0.5455718083        -7.4228852973   1.00
  112     -0.5394166572        -7.3391401701   1.00
  113     -0.5383098082        -7.3240807159   1.00
  114     -0.5379734130        -7.3195038252   1.00
  115     -0.5360499018        -7.2933331122   1.00
  116     -0.4571921780        -6.2204187324   1.00
  117     -0.4562957852        -6.2082226816   1.00
  118     -0.4557576903        -6.2009015249   1.00
  119     -0.4541436403        -6.1789412487   1.00
  120     -0.4531491116        -6.1654099912   1.00
  121     -0.3426745814        -4.6623268895   0.00
  122     -0.3389087916        -4.6110906901   0.00
  123     -0.3368236483        -4.5827208600   0.00
  124     -0.2670028646        -3.6327603578   0.00
  125     -0.2608496809        -3.5490419983   0.00
  126     -0.2605408407        -3.5448400129   0.00
  127     -0.1961891966        -2.6692909733   0.00
  128     -0.1953019356        -2.6572191677   0.00
  129     -0.1945039140        -2.6463615270   0.00
  130     -0.1870491761        -2.5449346141   0.00
  131     -0.1835227635        -2.4969553084   0.00
  132     -0.1823821119        -2.4814359473   0.00
  133     -0.1793839636        -2.4406440472   0.00
  134     -0.1779801054        -2.4215435761   0.00
  135     -0.0882357207        -1.2005085739   0.00
  136     -0.0817144647        -1.1117823344   0.00
  137     -0.0808093202        -1.0994672118   0.00
  138     -0.0787200544        -1.0710412917   0.00
  139     -0.0778800458        -1.0596123888   0.00
  140     -0.0763831229        -1.0392457077   0.00
  141     -0.0524699415        -0.7138901820   0.00
  142     -0.0508621673        -0.6920152919   0.00
  143     -0.0460933377        -0.6271320353   0.00
  144     -0.0458671519        -0.6240546196   0.00
  145     -0.0019072467        -0.0259494229   0.00
  146      0.0071018902         0.0966261733   0.00
  147      0.0079600521         0.1083020649   0.00
  148      0.0080579297         0.1096337585   0.00
  149      0.0097235175         0.1322952432   0.00
  150      0.0107208902         0.1458651951   0.00
  151      0.0116355124         0.1583092686   0.00
  152      0.0349737589         0.4758424033   0.00
  153      0.0415445219         0.5652422218   0.00
  154      0.0436762959         0.5942464950   0.00
  155      0.0492477543         0.6700500755   0.00
  156      0.0505769423         0.6881346065   0.00
  157      0.0544065657         0.7402393054   0.00
  158      0.0599516863         0.8156845426   0.00
  159      0.0870469230         1.1843341518   0.00
  160      0.0902468926         1.2278719720   0.00
  161      0.0975156104         1.3267679521   0.00
  162      0.1143355291         1.5556146868   0.00
  163      0.1150608682         1.5654834318   0.00
  164      0.1185190657         1.6125346230   0.00
  165      0.1237190612         1.6832841916   0.00
  166      0.1294351638         1.7610557579   0.00
  167      0.1390952265         1.8924876548   0.00
  168      0.1461187526         1.9880476296   0.00
  169      0.1492413835         2.0305332031   0.00

Hartree potential time [sec]: 	0.952032

 max and min values of charge density [e/bohr^3]   3.31207e-01   1.25244e-15  
   ... SCF error =   3.39e-03  
 
 
 SCF iter # 9  ... 
 Diagonalization time [sec]: 15.179392,   [cpu sec]: 71.850000

   State  Eigenvalue [Ry]     Eigenvalue [eV]

    1     -1.7922180288       -24.3843773683   1.00
    2     -1.7571627435       -23.9074257415   1.00
    3     -1.7567143180       -23.9013245984   1.00
    4     -1.7518998607       -23.8358205460   1.00
    5     -1.6878865108       -22.9648742361   1.00
    6     -1.6865594339       -22.9468184283   1.00
    7     -1.6850127636       -22.9257748985   1.00
    8     -1.6830311936       -22.8988142554   1.00
    9     -1.6827660124       -22.8952062803   1.00
   10     -1.6154635048       -21.9795086835   1.00
   11     -1.6133772920       -21.9511243010   1.00
   12     -1.6126090918       -21.9406724009   1.00
   13     -1.5506524927       -21.0977096213   1.00
   14     -1.5498592696       -21.0869172676   1.00
   15     -1.5473849638       -21.0532526091   1.00
   16     -1.5466393146       -21.0431075312   1.00
   17     -1.4622326119       -19.8946954198   1.00
   18     -1.4601424107       -19.8662567732   1.00
   19     -1.4591633144       -19.8529354846   1.00
   20     -1.4579703862       -19.8367048638   1.00
   21     -1.4578727893       -19.8353769897   1.00
   22     -1.4251749460       -19.3905000071   1.00
   23     -1.4229076873       -19.3596523695   1.00
   24     -1.4223115276       -19.3515412004   1.00
   25     -1.4221246286       -19.3489983095   1.00
   26     -1.3185039127       -17.9391661354   1.00
   27     -1.3165970867       -17.9132224359   1.00
   28     -1.3160742219       -17.9061084962   1.00
   29     -1.3146633433       -17.8869125076   1.00
   30     -1.3121334770       -17.8524919109   1.00
   31     -1.3079265889       -17.7952542617   1.00
   32     -1.3076407187       -17.7913647968   1.00
   33     -1.3070333740       -17.7831014482   1.00
   34     -1.2329463205       -16.7750953685   1.00
   35     -1.2313810169       -16.7537983199   1.00
   36     -1.2304865922       -16.7416290483   1.00
   37     -1.1613837404       -15.8014365109   1.00
   38     -1.1575605046       -15.7494187189   1.00
   39     -1.1558319265       -15.7259002067   1.00
   40     -1.1551046399       -15.7160049655   1.00
   41     -1.1531301319       -15.6891404049   1.00
   42     -1.1464361945       -15.5980647144   1.00
   43     -1.1456648197       -15.5875696218   1.00
   44     -1.1443390410       -15.5695314766   1.00
   45     -1.1307544721       -15.3847039347   1.00
   46     -1.0423735854       -14.1822202754   1.00
   47     -1.0366926487       -14.1049271651   1.00
   48     -1.0359030699       -14.0941843945   1.00
   49     -1.0343921371       -14.0736270991   1.00
   50     -0.9871375316       -13.4306952046   1.00
   51     -0.9867334191       -13.4251969722   1.00
   52     -0.9857377228       -13.4116498288   1.00
   53     -0.9824661350       -13.3671375932   1.00
   54     -0.9813622676       -13.3521187057   1.00
   55     -0.9714179962       -13.2168199523   1.00
   56     -0.9709778840       -13.2108319189   1.00
   57     -0.9695941711       -13.1920055381   1.00
   58     -0.9239208798       -12.5705885274   1.00
   59     -0.9212687619       -12.5345046123   1.00
   60     -0.9211345224       -12.5326781893   1.00
   61     -0.9131759961       -12.4243968834   1.00
   62     -0.8752163251       -11.9079290616   1.00
   63     -0.8749465202       -11.9042581782   1.00
   64     -0.8729152421       -11.8766212217   1.00
   65     -0.8720474808       -11.8648147231   1.00
   66     -0.8712308488       -11.8537038747   1.00
   67     -0.8697681528       -11.8338028745   1.00
   68     -0.8680008577       -11.8097575907   1.00
   69     -0.8502736925       -11.5685671342   1.00
   70     -0.8462143967       -11.5133375800   1.00
   71     -0.8393674654       -11.4201803001   1.00
   72     -0.8377348262       -11.3979671045   1.00
   73     -0.8361848185       -11.3768781682   1.00
   74     -0.8191658383       -11.1453230614   1.00
   75     -0.8109093823       -11.0329882151   1.00
   76     -0.8105166801       -11.0276452270   1.00
   77     -0.8097119107       -11.0166957774   1.00
   78     -0.7940395679       -10.8034626130   1.00
   79     -0.7931693175       -10.7916222492   1.00
   80     -0.7925207605       -10.7827981789   1.00
   81     -0.7921628992       -10.7779292257   1.00
   82     -0.7911102103       -10.7636066579   1.00
   83     -0.7907974600       -10.7593514717   1.00
   84     -0.7889783215       -10.7346008233   1.00
   85     -0.7888912792       -10.7334165513   1.00
   86     -0.7663486171       -10.4267078969   1.00
   87     -0.7631314349       -10.3829358876   1.00
   88     -0.7615004472       -10.3607451623   1.00
   89     -0.7569330356       -10.2986023380   1.00
   90     -0.6999862971        -9.5238022090   1.00
   91     -0.6995969655        -9.5185050799   1.00
   92     -0.6988714742        -9.5086342647   1.00
   93     -0.6935256134        -9.4359000974   1.00
   94     -0.6884976525        -9.3674911793   1.00
   95     -0.6844184066        -9.3119901914   1.00
   96     -0.6833373755        -9.2972820089   1.00
   97     -0.6832359103        -9.2959015028   1.00
   98     -0.6682269520        -9.0916941480   1.00
   99     -0.6678793026        -9.0869641359   1.00
  100     -0.6660619293        -9.0622375036   1.00
  101     -0.6616482754        -9.0021866614   1.00
  102     -0.6585977510        -8.9606821474   1.00
  103     -0.6577011807        -8.9484836829   1.00
  104     -0.6575124120        -8.9459153525   1.00
  105     -0.6569298306        -8.9379889257   1.00
  106     -0.6562744643        -8.9290722099   1.00
  107     -0.5484841460        -7.4625096845   1.00
  108     -0.5478148990        -7.4534041112   1.00
  109     -0.5470318642        -7.4427503770   1.00
  110     -0.5464861292        -7.4353252709   1.00
  111     -0.5455179017        -7.4221518598   1.00
  112     -0.5396509144        -7.3423274018   1.00
  113     -0.5386018381        -7.3280539866   1.00
  114     -0.5380321451        -7.3203029164   1.00
  115     -0.5359704134        -7.2922516174   1.00
  116     -0.4570458679        -6.2184280813   1.00
  117     -0.4561861972        -6.2067316605   1.00
  118     -0.4557953954        -6.2014145290   1.00
  119     -0.4542505425        -6.1803957279   1.00
  120     -0.4535928928        -6.1714479437   1.00
  121     -0.3427064721        -4.6627607842   0.00
  122     -0.3391345657        -4.6141625050   0.00
  123     -0.3367834268        -4.5821736183   0.00
  124     -0.2668508687        -3.6306923476   0.00
  125     -0.2611603158        -3.5532684043   0.00
  126     -0.2605537838        -3.5450161117   0.00
  127     -0.1962060365        -2.6695200914   0.00
  128     -0.1955988620        -2.6612590581   0.00
  129     -0.1945419633        -2.6468792144   0.00
  130     -0.1864766511        -2.5371450110   0.00
  131     -0.1835425737        -2.4972248406   0.00
  132     -0.1827983861        -2.4870996477   0.00
  133     -0.1793136000        -2.4396867011   0.00
  134     -0.1783097474        -2.4260285860   0.00
  135     -0.0883865701        -1.2025609859   0.00
  136     -0.0818486079        -1.1136074460   0.00
  137     -0.0807509477        -1.0986730132   0.00
  138     -0.0790018462        -1.0748752666   0.00
  139     -0.0781215586        -1.0628983394   0.00
  140     -0.0763242439        -1.0384446172   0.00
  141     -0.0525916529        -0.7155461496   0.00
  142     -0.0509221918        -0.6928319666   0.00
  143     -0.0461961964        -0.6285315000   0.00
  144     -0.0459240850        -0.6248292342   0.00
  145     -0.0015739600        -0.0214148244   0.00
  146      0.0069019438         0.0939057639   0.00
  147      0.0074587449         0.1014814307   0.00
  148      0.0075123558         0.1022108451   0.00
  149      0.0088263745         0.1200889861   0.00
  150      0.0102240191         0.1391049164   0.00
  151      0.0110145179         0.1498602051   0.00
  152      0.0350905635         0.4774316122   0.00
  153      0.0411560447         0.5599567182   0.00
  154      0.0431785050         0.5874737020   0.00
  155      0.0482192997         0.6560572323   0.00
  156      0.0493249179         0.6710999406   0.00
  157      0.0515102750         0.7008332496   0.00
  158      0.0590197921         0.8030054710   0.00
  159      0.0852292786         1.1596038315   0.00
  160      0.0882463201         1.2006527865   0.00
  161      0.0939832535         1.2787077708   0.00
  162      0.1134666466         1.5437929348   0.00
  163      0.1140947295         1.5523384407   0.00
  164      0.1169579970         1.5912951931   0.00
  165      0.1211671392         1.6485635114   0.00
  166      0.1255238297         1.7078393274   0.00
  167      0.1340684918         1.8240954199   0.00
  168      0.1416312282         1.9269917282   0.00
  169      0.1471496688         2.0020739642   0.00

Hartree potential time [sec]: 	1.004576

 max and min values of charge density [e/bohr^3]   3.30907e-01   1.24120e-15  
   ... SCF error =   6.07e-04  
  

 Total Energies 

 Sum of eigenvalues      = -3301.00138  eV   =   -242.61904  Ry  
 Hartree energy          = 106931.64500  eV   =   7859.32809  Ry  
 Exchange-corr. energy   = -2810.52972  eV   =   -206.57005  Ry  
 Ion-ion repulsion       = 100014.43823  eV   =   7350.92295  Ry  
 Total electronic energy = -9354.19570  eV   =   -687.52045  Ry  
 Electronic energy/atom  = -155.90326  eV   =    -11.45867  Ry  

 Self consistency reached within 9 steps, diagmeth=3
 Totel Diagonalization time [sec]: 586.660000 
 Totel SCF time [sec]: 648.620000 

 Finished
